2024-01-26T14:25:55+00:00 CRITICAL Uncaught Error: Call to undefined function bulk_image_resizer\imagecreatefromwebp() in C:\MAMP\htdocs\chic-dressing\wp-content\plugins\bulk-image-resizer\includes\class-bir-optimize-function.php:116
Stack trace:
#0 C:\MAMP\htdocs\chic-dressing\wp-content\plugins\bulk-image-resizer\includes\class-bir-facade.php(29): bulk_image_resizer\Bir_optimize_functions::optimize(175, 1920, 1080, 82, true)
#1 C:\MAMP\htdocs\chic-dressing\wp-content\plugins\bulk-image-resizer\includes\class-bir-loader.php(110): bulk_image_resizer\Bir_facade::process_image('175')
#2 C:\MAMP\htdocs\chic-dressing\wp-includes\class-wp-hook.php(324): bulk_image_resizer\Bir_loader->next_bulk('')
#3 C:\MAMP\htdocs\chic-dressing\wp-includes\class-wp-hook.php(348): WP_Hook->apply_filters('', Array)
#4 C:\MAMP\htdocs\chic-dressing\wp-includes\plugin.php(517): WP_Hook->do_action(Array)
#5 C:\MAMP\htdocs\chic-dressing\wp-admin\admin-ajax.php(188): do_action('wp_ajax_bir_nex...')
#6 {main}
  thrown dans C:\MAMP\htdocs\chic-dressing\wp-content\plugins\bulk-image-resizer\includes\class-bir-optimize-function.php à la ligne 116

2024-01-26T14:26:04+00:00 CRITICAL Uncaught Error: Call to undefined function bulk_image_resizer\imagecreatefromwebp() in C:\MAMP\htdocs\chic-dressing\wp-content\plugins\bulk-image-resizer\includes\class-bir-optimize-function.php:116
Stack trace:
#0 C:\MAMP\htdocs\chic-dressing\wp-content\plugins\bulk-image-resizer\includes\class-bir-facade.php(29): bulk_image_resizer\Bir_optimize_functions::optimize(176, 1920, 1080, 82, true)
#1 C:\MAMP\htdocs\chic-dressing\wp-content\plugins\bulk-image-resizer\includes\class-bir-loader.php(110): bulk_image_resizer\Bir_facade::process_image('176')
#2 C:\MAMP\htdocs\chic-dressing\wp-includes\class-wp-hook.php(324): bulk_image_resizer\Bir_loader->next_bulk('')
#3 C:\MAMP\htdocs\chic-dressing\wp-includes\class-wp-hook.php(348): WP_Hook->apply_filters('', Array)
#4 C:\MAMP\htdocs\chic-dressing\wp-includes\plugin.php(517): WP_Hook->do_action(Array)
#5 C:\MAMP\htdocs\chic-dressing\wp-admin\admin-ajax.php(188): do_action('wp_ajax_bir_nex...')
#6 {main}
  thrown dans C:\MAMP\htdocs\chic-dressing\wp-content\plugins\bulk-image-resizer\includes\class-bir-optimize-function.php à la ligne 116

2024-01-26T14:26:07+00:00 CRITICAL Uncaught Error: Call to undefined function bulk_image_resizer\imagecreatefromwebp() in C:\MAMP\htdocs\chic-dressing\wp-content\plugins\bulk-image-resizer\includes\class-bir-optimize-function.php:116
Stack trace:
#0 C:\MAMP\htdocs\chic-dressing\wp-content\plugins\bulk-image-resizer\includes\class-bir-facade.php(29): bulk_image_resizer\Bir_optimize_functions::optimize(834, 1920, 1080, 82, true)
#1 C:\MAMP\htdocs\chic-dressing\wp-content\plugins\bulk-image-resizer\includes\class-bir-loader.php(110): bulk_image_resizer\Bir_facade::process_image('834')
#2 C:\MAMP\htdocs\chic-dressing\wp-includes\class-wp-hook.php(324): bulk_image_resizer\Bir_loader->next_bulk('')
#3 C:\MAMP\htdocs\chic-dressing\wp-includes\class-wp-hook.php(348): WP_Hook->apply_filters('', Array)
#4 C:\MAMP\htdocs\chic-dressing\wp-includes\plugin.php(517): WP_Hook->do_action(Array)
#5 C:\MAMP\htdocs\chic-dressing\wp-admin\admin-ajax.php(188): do_action('wp_ajax_bir_nex...')
#6 {main}
  thrown dans C:\MAMP\htdocs\chic-dressing\wp-content\plugins\bulk-image-resizer\includes\class-bir-optimize-function.php à la ligne 116

2024-01-26T14:26:10+00:00 CRITICAL Uncaught Error: Call to undefined function bulk_image_resizer\imagecreatefromwebp() in C:\MAMP\htdocs\chic-dressing\wp-content\plugins\bulk-image-resizer\includes\class-bir-optimize-function.php:116
Stack trace:
#0 C:\MAMP\htdocs\chic-dressing\wp-content\plugins\bulk-image-resizer\includes\class-bir-facade.php(29): bulk_image_resizer\Bir_optimize_functions::optimize(856, 1920, 1080, 82, true)
#1 C:\MAMP\htdocs\chic-dressing\wp-content\plugins\bulk-image-resizer\includes\class-bir-loader.php(110): bulk_image_resizer\Bir_facade::process_image('856')
#2 C:\MAMP\htdocs\chic-dressing\wp-includes\class-wp-hook.php(324): bulk_image_resizer\Bir_loader->next_bulk('')
#3 C:\MAMP\htdocs\chic-dressing\wp-includes\class-wp-hook.php(348): WP_Hook->apply_filters('', Array)
#4 C:\MAMP\htdocs\chic-dressing\wp-includes\plugin.php(517): WP_Hook->do_action(Array)
#5 C:\MAMP\htdocs\chic-dressing\wp-admin\admin-ajax.php(188): do_action('wp_ajax_bir_nex...')
#6 {main}
  thrown dans C:\MAMP\htdocs\chic-dressing\wp-content\plugins\bulk-image-resizer\includes\class-bir-optimize-function.php à la ligne 116

2024-01-26T14:26:15+00:00 CRITICAL Uncaught Error: Call to undefined function bulk_image_resizer\imagecreatefromwebp() in C:\MAMP\htdocs\chic-dressing\wp-content\plugins\bulk-image-resizer\includes\class-bir-optimize-function.php:116
Stack trace:
#0 C:\MAMP\htdocs\chic-dressing\wp-content\plugins\bulk-image-resizer\includes\class-bir-facade.php(29): bulk_image_resizer\Bir_optimize_functions::optimize(921, 1920, 1080, 82, true)
#1 C:\MAMP\htdocs\chic-dressing\wp-content\plugins\bulk-image-resizer\includes\class-bir-loader.php(110): bulk_image_resizer\Bir_facade::process_image('921')
#2 C:\MAMP\htdocs\chic-dressing\wp-includes\class-wp-hook.php(324): bulk_image_resizer\Bir_loader->next_bulk('')
#3 C:\MAMP\htdocs\chic-dressing\wp-includes\class-wp-hook.php(348): WP_Hook->apply_filters('', Array)
#4 C:\MAMP\htdocs\chic-dressing\wp-includes\plugin.php(517): WP_Hook->do_action(Array)
#5 C:\MAMP\htdocs\chic-dressing\wp-admin\admin-ajax.php(188): do_action('wp_ajax_bir_nex...')
#6 {main}
  thrown dans C:\MAMP\htdocs\chic-dressing\wp-content\plugins\bulk-image-resizer\includes\class-bir-optimize-function.php à la ligne 116

2024-01-26T14:26:22+00:00 CRITICAL Uncaught Error: Call to undefined function bulk_image_resizer\imagecreatefromwebp() in C:\MAMP\htdocs\chic-dressing\wp-content\plugins\bulk-image-resizer\includes\class-bir-optimize-function.php:116
Stack trace:
#0 C:\MAMP\htdocs\chic-dressing\wp-content\plugins\bulk-image-resizer\includes\class-bir-facade.php(29): bulk_image_resizer\Bir_optimize_functions::optimize(922, 1920, 1080, 82, true)
#1 C:\MAMP\htdocs\chic-dressing\wp-content\plugins\bulk-image-resizer\includes\class-bir-loader.php(110): bulk_image_resizer\Bir_facade::process_image('922')
#2 C:\MAMP\htdocs\chic-dressing\wp-includes\class-wp-hook.php(324): bulk_image_resizer\Bir_loader->next_bulk('')
#3 C:\MAMP\htdocs\chic-dressing\wp-includes\class-wp-hook.php(348): WP_Hook->apply_filters('', Array)
#4 C:\MAMP\htdocs\chic-dressing\wp-includes\plugin.php(517): WP_Hook->do_action(Array)
#5 C:\MAMP\htdocs\chic-dressing\wp-admin\admin-ajax.php(188): do_action('wp_ajax_bir_nex...')
#6 {main}
  thrown dans C:\MAMP\htdocs\chic-dressing\wp-content\plugins\bulk-image-resizer\includes\class-bir-optimize-function.php à la ligne 116

2024-01-26T14:26:24+00:00 CRITICAL Uncaught Error: Call to undefined function bulk_image_resizer\imagecreatefromwebp() in C:\MAMP\htdocs\chic-dressing\wp-content\plugins\bulk-image-resizer\includes\class-bir-optimize-function.php:116
Stack trace:
#0 C:\MAMP\htdocs\chic-dressing\wp-content\plugins\bulk-image-resizer\includes\class-bir-facade.php(29): bulk_image_resizer\Bir_optimize_functions::optimize(940, 1920, 1080, 82, true)
#1 C:\MAMP\htdocs\chic-dressing\wp-content\plugins\bulk-image-resizer\includes\class-bir-loader.php(110): bulk_image_resizer\Bir_facade::process_image('940')
#2 C:\MAMP\htdocs\chic-dressing\wp-includes\class-wp-hook.php(324): bulk_image_resizer\Bir_loader->next_bulk('')
#3 C:\MAMP\htdocs\chic-dressing\wp-includes\class-wp-hook.php(348): WP_Hook->apply_filters('', Array)
#4 C:\MAMP\htdocs\chic-dressing\wp-includes\plugin.php(517): WP_Hook->do_action(Array)
#5 C:\MAMP\htdocs\chic-dressing\wp-admin\admin-ajax.php(188): do_action('wp_ajax_bir_nex...')
#6 {main}
  thrown dans C:\MAMP\htdocs\chic-dressing\wp-content\plugins\bulk-image-resizer\includes\class-bir-optimize-function.php à la ligne 116

2024-01-26T14:26:25+00:00 CRITICAL Uncaught Error: Call to undefined function bulk_image_resizer\imagecreatefromwebp() in C:\MAMP\htdocs\chic-dressing\wp-content\plugins\bulk-image-resizer\includes\class-bir-optimize-function.php:116
Stack trace:
#0 C:\MAMP\htdocs\chic-dressing\wp-content\plugins\bulk-image-resizer\includes\class-bir-facade.php(29): bulk_image_resizer\Bir_optimize_functions::optimize(949, 1920, 1080, 82, true)
#1 C:\MAMP\htdocs\chic-dressing\wp-content\plugins\bulk-image-resizer\includes\class-bir-loader.php(110): bulk_image_resizer\Bir_facade::process_image('949')
#2 C:\MAMP\htdocs\chic-dressing\wp-includes\class-wp-hook.php(324): bulk_image_resizer\Bir_loader->next_bulk('')
#3 C:\MAMP\htdocs\chic-dressing\wp-includes\class-wp-hook.php(348): WP_Hook->apply_filters('', Array)
#4 C:\MAMP\htdocs\chic-dressing\wp-includes\plugin.php(517): WP_Hook->do_action(Array)
#5 C:\MAMP\htdocs\chic-dressing\wp-admin\admin-ajax.php(188): do_action('wp_ajax_bir_nex...')
#6 {main}
  thrown dans C:\MAMP\htdocs\chic-dressing\wp-content\plugins\bulk-image-resizer\includes\class-bir-optimize-function.php à la ligne 116

2024-01-26T14:26:26+00:00 CRITICAL Uncaught Error: Call to undefined function bulk_image_resizer\imagecreatefromwebp() in C:\MAMP\htdocs\chic-dressing\wp-content\plugins\bulk-image-resizer\includes\class-bir-optimize-function.php:116
Stack trace:
#0 C:\MAMP\htdocs\chic-dressing\wp-content\plugins\bulk-image-resizer\includes\class-bir-facade.php(29): bulk_image_resizer\Bir_optimize_functions::optimize(951, 1920, 1080, 82, true)
#1 C:\MAMP\htdocs\chic-dressing\wp-content\plugins\bulk-image-resizer\includes\class-bir-loader.php(110): bulk_image_resizer\Bir_facade::process_image('951')
#2 C:\MAMP\htdocs\chic-dressing\wp-includes\class-wp-hook.php(324): bulk_image_resizer\Bir_loader->next_bulk('')
#3 C:\MAMP\htdocs\chic-dressing\wp-includes\class-wp-hook.php(348): WP_Hook->apply_filters('', Array)
#4 C:\MAMP\htdocs\chic-dressing\wp-includes\plugin.php(517): WP_Hook->do_action(Array)
#5 C:\MAMP\htdocs\chic-dressing\wp-admin\admin-ajax.php(188): do_action('wp_ajax_bir_nex...')
#6 {main}
  thrown dans C:\MAMP\htdocs\chic-dressing\wp-content\plugins\bulk-image-resizer\includes\class-bir-optimize-function.php à la ligne 116

2024-01-26T14:26:28+00:00 CRITICAL Uncaught Error: Call to undefined function bulk_image_resizer\imagecreatefromwebp() in C:\MAMP\htdocs\chic-dressing\wp-content\plugins\bulk-image-resizer\includes\class-bir-optimize-function.php:116
Stack trace:
#0 C:\MAMP\htdocs\chic-dressing\wp-content\plugins\bulk-image-resizer\includes\class-bir-facade.php(29): bulk_image_resizer\Bir_optimize_functions::optimize(953, 1920, 1080, 82, true)
#1 C:\MAMP\htdocs\chic-dressing\wp-content\plugins\bulk-image-resizer\includes\class-bir-loader.php(110): bulk_image_resizer\Bir_facade::process_image('953')
#2 C:\MAMP\htdocs\chic-dressing\wp-includes\class-wp-hook.php(324): bulk_image_resizer\Bir_loader->next_bulk('')
#3 C:\MAMP\htdocs\chic-dressing\wp-includes\class-wp-hook.php(348): WP_Hook->apply_filters('', Array)
#4 C:\MAMP\htdocs\chic-dressing\wp-includes\plugin.php(517): WP_Hook->do_action(Array)
#5 C:\MAMP\htdocs\chic-dressing\wp-admin\admin-ajax.php(188): do_action('wp_ajax_bir_nex...')
#6 {main}
  thrown dans C:\MAMP\htdocs\chic-dressing\wp-content\plugins\bulk-image-resizer\includes\class-bir-optimize-function.php à la ligne 116

2024-01-26T14:26:30+00:00 CRITICAL Uncaught Error: Call to undefined function bulk_image_resizer\imagecreatefromwebp() in C:\MAMP\htdocs\chic-dressing\wp-content\plugins\bulk-image-resizer\includes\class-bir-optimize-function.php:116
Stack trace:
#0 C:\MAMP\htdocs\chic-dressing\wp-content\plugins\bulk-image-resizer\includes\class-bir-facade.php(29): bulk_image_resizer\Bir_optimize_functions::optimize(954, 1920, 1080, 82, true)
#1 C:\MAMP\htdocs\chic-dressing\wp-content\plugins\bulk-image-resizer\includes\class-bir-loader.php(110): bulk_image_resizer\Bir_facade::process_image('954')
#2 C:\MAMP\htdocs\chic-dressing\wp-includes\class-wp-hook.php(324): bulk_image_resizer\Bir_loader->next_bulk('')
#3 C:\MAMP\htdocs\chic-dressing\wp-includes\class-wp-hook.php(348): WP_Hook->apply_filters('', Array)
#4 C:\MAMP\htdocs\chic-dressing\wp-includes\plugin.php(517): WP_Hook->do_action(Array)
#5 C:\MAMP\htdocs\chic-dressing\wp-admin\admin-ajax.php(188): do_action('wp_ajax_bir_nex...')
#6 {main}
  thrown dans C:\MAMP\htdocs\chic-dressing\wp-content\plugins\bulk-image-resizer\includes\class-bir-optimize-function.php à la ligne 116

2024-01-26T14:26:32+00:00 CRITICAL Uncaught Error: Call to undefined function bulk_image_resizer\imagecreatefromwebp() in C:\MAMP\htdocs\chic-dressing\wp-content\plugins\bulk-image-resizer\includes\class-bir-optimize-function.php:116
Stack trace:
#0 C:\MAMP\htdocs\chic-dressing\wp-content\plugins\bulk-image-resizer\includes\class-bir-facade.php(29): bulk_image_resizer\Bir_optimize_functions::optimize(955, 1920, 1080, 82, true)
#1 C:\MAMP\htdocs\chic-dressing\wp-content\plugins\bulk-image-resizer\includes\class-bir-loader.php(110): bulk_image_resizer\Bir_facade::process_image('955')
#2 C:\MAMP\htdocs\chic-dressing\wp-includes\class-wp-hook.php(324): bulk_image_resizer\Bir_loader->next_bulk('')
#3 C:\MAMP\htdocs\chic-dressing\wp-includes\class-wp-hook.php(348): WP_Hook->apply_filters('', Array)
#4 C:\MAMP\htdocs\chic-dressing\wp-includes\plugin.php(517): WP_Hook->do_action(Array)
#5 C:\MAMP\htdocs\chic-dressing\wp-admin\admin-ajax.php(188): do_action('wp_ajax_bir_nex...')
#6 {main}
  thrown dans C:\MAMP\htdocs\chic-dressing\wp-content\plugins\bulk-image-resizer\includes\class-bir-optimize-function.php à la ligne 116

2024-01-26T14:26:33+00:00 CRITICAL Uncaught Error: Call to undefined function bulk_image_resizer\imagecreatefromwebp() in C:\MAMP\htdocs\chic-dressing\wp-content\plugins\bulk-image-resizer\includes\class-bir-optimize-function.php:116
Stack trace:
#0 C:\MAMP\htdocs\chic-dressing\wp-content\plugins\bulk-image-resizer\includes\class-bir-facade.php(29): bulk_image_resizer\Bir_optimize_functions::optimize(956, 1920, 1080, 82, true)
#1 C:\MAMP\htdocs\chic-dressing\wp-content\plugins\bulk-image-resizer\includes\class-bir-loader.php(110): bulk_image_resizer\Bir_facade::process_image('956')
#2 C:\MAMP\htdocs\chic-dressing\wp-includes\class-wp-hook.php(324): bulk_image_resizer\Bir_loader->next_bulk('')
#3 C:\MAMP\htdocs\chic-dressing\wp-includes\class-wp-hook.php(348): WP_Hook->apply_filters('', Array)
#4 C:\MAMP\htdocs\chic-dressing\wp-includes\plugin.php(517): WP_Hook->do_action(Array)
#5 C:\MAMP\htdocs\chic-dressing\wp-admin\admin-ajax.php(188): do_action('wp_ajax_bir_nex...')
#6 {main}
  thrown dans C:\MAMP\htdocs\chic-dressing\wp-content\plugins\bulk-image-resizer\includes\class-bir-optimize-function.php à la ligne 116

2024-01-26T14:26:35+00:00 CRITICAL Uncaught Error: Call to undefined function bulk_image_resizer\imagecreatefromwebp() in C:\MAMP\htdocs\chic-dressing\wp-content\plugins\bulk-image-resizer\includes\class-bir-optimize-function.php:116
Stack trace:
#0 C:\MAMP\htdocs\chic-dressing\wp-content\plugins\bulk-image-resizer\includes\class-bir-facade.php(29): bulk_image_resizer\Bir_optimize_functions::optimize(957, 1920, 1080, 82, true)
#1 C:\MAMP\htdocs\chic-dressing\wp-content\plugins\bulk-image-resizer\includes\class-bir-loader.php(110): bulk_image_resizer\Bir_facade::process_image('957')
#2 C:\MAMP\htdocs\chic-dressing\wp-includes\class-wp-hook.php(324): bulk_image_resizer\Bir_loader->next_bulk('')
#3 C:\MAMP\htdocs\chic-dressing\wp-includes\class-wp-hook.php(348): WP_Hook->apply_filters('', Array)
#4 C:\MAMP\htdocs\chic-dressing\wp-includes\plugin.php(517): WP_Hook->do_action(Array)
#5 C:\MAMP\htdocs\chic-dressing\wp-admin\admin-ajax.php(188): do_action('wp_ajax_bir_nex...')
#6 {main}
  thrown dans C:\MAMP\htdocs\chic-dressing\wp-content\plugins\bulk-image-resizer\includes\class-bir-optimize-function.php à la ligne 116

2024-01-26T14:26:36+00:00 CRITICAL Uncaught Error: Call to undefined function bulk_image_resizer\imagecreatefromwebp() in C:\MAMP\htdocs\chic-dressing\wp-content\plugins\bulk-image-resizer\includes\class-bir-optimize-function.php:116
Stack trace:
#0 C:\MAMP\htdocs\chic-dressing\wp-content\plugins\bulk-image-resizer\includes\class-bir-facade.php(29): bulk_image_resizer\Bir_optimize_functions::optimize(958, 1920, 1080, 82, true)
#1 C:\MAMP\htdocs\chic-dressing\wp-content\plugins\bulk-image-resizer\includes\class-bir-loader.php(110): bulk_image_resizer\Bir_facade::process_image('958')
#2 C:\MAMP\htdocs\chic-dressing\wp-includes\class-wp-hook.php(324): bulk_image_resizer\Bir_loader->next_bulk('')
#3 C:\MAMP\htdocs\chic-dressing\wp-includes\class-wp-hook.php(348): WP_Hook->apply_filters('', Array)
#4 C:\MAMP\htdocs\chic-dressing\wp-includes\plugin.php(517): WP_Hook->do_action(Array)
#5 C:\MAMP\htdocs\chic-dressing\wp-admin\admin-ajax.php(188): do_action('wp_ajax_bir_nex...')
#6 {main}
  thrown dans C:\MAMP\htdocs\chic-dressing\wp-content\plugins\bulk-image-resizer\includes\class-bir-optimize-function.php à la ligne 116

2024-01-26T14:26:38+00:00 CRITICAL Uncaught Error: Call to undefined function bulk_image_resizer\imagecreatefromwebp() in C:\MAMP\htdocs\chic-dressing\wp-content\plugins\bulk-image-resizer\includes\class-bir-optimize-function.php:116
Stack trace:
#0 C:\MAMP\htdocs\chic-dressing\wp-content\plugins\bulk-image-resizer\includes\class-bir-facade.php(29): bulk_image_resizer\Bir_optimize_functions::optimize(959, 1920, 1080, 82, true)
#1 C:\MAMP\htdocs\chic-dressing\wp-content\plugins\bulk-image-resizer\includes\class-bir-loader.php(110): bulk_image_resizer\Bir_facade::process_image('959')
#2 C:\MAMP\htdocs\chic-dressing\wp-includes\class-wp-hook.php(324): bulk_image_resizer\Bir_loader->next_bulk('')
#3 C:\MAMP\htdocs\chic-dressing\wp-includes\class-wp-hook.php(348): WP_Hook->apply_filters('', Array)
#4 C:\MAMP\htdocs\chic-dressing\wp-includes\plugin.php(517): WP_Hook->do_action(Array)
#5 C:\MAMP\htdocs\chic-dressing\wp-admin\admin-ajax.php(188): do_action('wp_ajax_bir_nex...')
#6 {main}
  thrown dans C:\MAMP\htdocs\chic-dressing\wp-content\plugins\bulk-image-resizer\includes\class-bir-optimize-function.php à la ligne 116

2024-01-26T14:26:39+00:00 CRITICAL Uncaught Error: Call to undefined function bulk_image_resizer\imagecreatefromwebp() in C:\MAMP\htdocs\chic-dressing\wp-content\plugins\bulk-image-resizer\includes\class-bir-optimize-function.php:116
Stack trace:
#0 C:\MAMP\htdocs\chic-dressing\wp-content\plugins\bulk-image-resizer\includes\class-bir-facade.php(29): bulk_image_resizer\Bir_optimize_functions::optimize(960, 1920, 1080, 82, true)
#1 C:\MAMP\htdocs\chic-dressing\wp-content\plugins\bulk-image-resizer\includes\class-bir-loader.php(110): bulk_image_resizer\Bir_facade::process_image('960')
#2 C:\MAMP\htdocs\chic-dressing\wp-includes\class-wp-hook.php(324): bulk_image_resizer\Bir_loader->next_bulk('')
#3 C:\MAMP\htdocs\chic-dressing\wp-includes\class-wp-hook.php(348): WP_Hook->apply_filters('', Array)
#4 C:\MAMP\htdocs\chic-dressing\wp-includes\plugin.php(517): WP_Hook->do_action(Array)
#5 C:\MAMP\htdocs\chic-dressing\wp-admin\admin-ajax.php(188): do_action('wp_ajax_bir_nex...')
#6 {main}
  thrown dans C:\MAMP\htdocs\chic-dressing\wp-content\plugins\bulk-image-resizer\includes\class-bir-optimize-function.php à la ligne 116

